Backend Contract Experiments
workspace_root=/home/manuel/workspaces/2026-02-22/add-gepa-optimizer
started_at=2026-03-01T07:57:52-05:00

=== go-go-os-backend backendhost contract tests ===
COMMAND: bash -lc cd '/home/manuel/workspaces/2026-02-22/add-gepa-optimizer/go-go-os-backend' && go test ./pkg/backendhost -run 'Test(NewModuleRegistry_RejectsDuplicateAppID|MountNamespacedRoutes_MountsUnderAppPrefix|RegisterAppsManifestEndpoint_ReturnsManifestAndHealth|RegisterAppsManifestEndpoint_ModuleReflectionRoute_ReturnsPayload)' -v
/home/manuel/.hishtory/config.sh: line 72: bind: warning: line editing not enabled
=== RUN   TestNewModuleRegistry_RejectsDuplicateAppID
--- PASS: TestNewModuleRegistry_RejectsDuplicateAppID (0.00s)
=== RUN   TestMountNamespacedRoutes_MountsUnderAppPrefix
--- PASS: TestMountNamespacedRoutes_MountsUnderAppPrefix (0.00s)
=== RUN   TestRegisterAppsManifestEndpoint_ReturnsManifestAndHealth
--- PASS: TestRegisterAppsManifestEndpoint_ReturnsManifestAndHealth (0.00s)
=== RUN   TestRegisterAppsManifestEndpoint_ModuleReflectionRoute_ReturnsPayload
--- PASS: TestRegisterAppsManifestEndpoint_ModuleReflectionRoute_ReturnsPayload (0.00s)
PASS
ok  	github.com/go-go-golems/go-go-os-backend/pkg/backendhost	0.002s

=== inventory backendcomponent contract tests ===
COMMAND: bash -lc cd '/home/manuel/workspaces/2026-02-22/add-gepa-optimizer/go-go-app-inventory' && go test ./pkg/backendcomponent -run 'Test(ManifestContract|LifecycleRequiresServer|MountRoutesValidatesRequiredDependencies)' -v
/home/manuel/.hishtory/config.sh: line 72: bind: warning: line editing not enabled
=== RUN   TestManifestContract
--- PASS: TestManifestContract (0.00s)
=== RUN   TestLifecycleRequiresServer
--- PASS: TestLifecycleRequiresServer (0.00s)
=== RUN   TestMountRoutesValidatesRequiredDependencies
--- PASS: TestMountRoutesValidatesRequiredDependencies (0.00s)
PASS
ok  	github.com/go-go-golems/go-go-app-inventory/pkg/backendcomponent	0.018s

=== arc backendmodule contract tests ===
COMMAND: bash -lc cd '/home/manuel/workspaces/2026-02-22/add-gepa-optimizer/go-go-app-arc-agi-3' && go test ./pkg/backendmodule -run 'Test(Module_GameAndSessionFlow|Module_ActionRequiresResetGUID|Module_NormalizesFramePayloadsAtHTTPBoundary|Module_ReflectionAndSchemas)' -v
/home/manuel/.hishtory/config.sh: line 72: bind: warning: line editing not enabled
=== RUN   TestModule_GameAndSessionFlow
--- PASS: TestModule_GameAndSessionFlow (0.00s)
=== RUN   TestModule_ActionRequiresResetGUID
--- PASS: TestModule_ActionRequiresResetGUID (0.00s)
=== RUN   TestModule_NormalizesFramePayloadsAtHTTPBoundary
--- PASS: TestModule_NormalizesFramePayloadsAtHTTPBoundary (0.00s)
=== RUN   TestModule_ReflectionAndSchemas
--- PASS: TestModule_ReflectionAndSchemas (0.00s)
PASS
ok  	github.com/go-go-golems/go-go-app-arc-agi/pkg/backendmodule	0.003s

=== gepa backendmodule contract tests ===
COMMAND: bash -lc cd '/home/manuel/workspaces/2026-02-22/add-gepa-optimizer/go-go-gepa' && go test ./pkg/backendmodule -run 'Test(Module_ReflectionAndSchemas|Module_EventsAndTimelineEndpoints|Module_EnforcesMaxConcurrentRuns)' -v
/home/manuel/.hishtory/config.sh: line 72: bind: warning: line editing not enabled
=== RUN   TestModule_ReflectionAndSchemas
--- PASS: TestModule_ReflectionAndSchemas (0.00s)
=== RUN   TestModule_EnforcesMaxConcurrentRuns
--- PASS: TestModule_EnforcesMaxConcurrentRuns (0.00s)
=== RUN   TestModule_EventsAndTimelineEndpoints
--- PASS: TestModule_EventsAndTimelineEndpoints (0.20s)
PASS
ok  	github.com/go-go-golems/go-go-gepa/pkg/backendmodule	0.206s

=== wesen-os launcher integration samples ===
COMMAND: bash -lc cd '/home/manuel/workspaces/2026-02-22/add-gepa-optimizer/wesen-os' && go test ./cmd/wesen-os-launcher -run 'Test(WSHandler_EmitsHypercardLifecycleEvents|OSAppsEndpoint_ListsInventoryModuleCapabilities|OSAppsEndpoint_ListsGEPAModuleReflectionMetadata|OSAppsEndpoint_ListsARCModuleReflectionMetadata|ConfirmRoutes_CoexistWithChatAndTimelineRoutes)' -v
/home/manuel/.hishtory/config.sh: line 72: bind: warning: line editing not enabled
=== RUN   TestWSHandler_EmitsHypercardLifecycleEvents
{"level":"info","component":"webchat","time":"2026-03-01T07:59:08-05:00","message":"mounted /static/ asset handler"}
{"level":"info","component":"webchat","time":"2026-03-01T07:59:08-05:00","message":"mounted /assets/ handler for built dist assets"}
{"level":"info","component":"webchat","time":"2026-03-01T07:59:08-05:00","message":"mounted /static/ asset handler"}
{"level":"info","component":"webchat","time":"2026-03-01T07:59:08-05:00","message":"mounted /assets/ handler for built dist assets"}
{"level":"info","component":"webchat","conv_id":"conv-progress-1","time":"2026-03-01T07:59:08-05:00","message":"stream coordinator: started"}
{"level":"debug","component":"webchat","remote":"127.0.0.1:51556","conv_id":"conv-progress-1","runtime_key":"inventory","time":"2026-03-01T07:59:08-05:00","message":"ws sending hello"}
{"level":"info","component":"webchat","conv_id":"conv-progress-1","session_id":"cd732aad-b7d1-4bfa-b91e-62cf15c95bac","idempotency_key":"796ac431-8c7e-4bcf-b73f-af614fdc838b","time":"2026-03-01T07:59:08-05:00","message":"starting inference loop"}
{"level":"debug","iteration":1,"time":"2026-03-01T07:59:08-05:00","message":"toolloop: engine inference step"}
{"level":"trace","component":"events.context","event_type":"start","sink_count":1,"time":"2026-03-01T07:59:08-05:00","message":"PublishEventToContext: publishing to sinks"}
{"level":"debug","component":"web_forwarder","event_type":"*events.EventPartialCompletionStart","event_id":"00c8055b-b69b-49e0-a783-88979c1d06ae","session_id":"","inference_id":"","turn_id":"","time":"2026-03-01T07:59:08-05:00","message":"received event (SEM)"}
{"level":"trace","topic":"chat:conv-progress-1","event_type":"start","time":"2026-03-01T07:59:08-05:00","message":"Published event to watermill"}
{"level":"trace","component":"events.context","event_type":"partial","sink_count":1,"time":"2026-03-01T07:59:08-05:00","message":"PublishEventToContext: publishing to sinks"}
{"level":"debug","component":"web_forwarder","event_type":"*events.EventPartialCompletion","event_id":"00c8055b-b69b-49e0-a783-88979c1d06ae","session_id":"","inference_id":"","turn_id":"","time":"2026-03-01T07:59:08-05:00","message":"received event (SEM)"}
{"level":"trace","topic":"chat:conv-progress-1","event_type":"partial","time":"2026-03-01T07:59:08-05:00","message":"Published event to watermill"}
{"level":"trace","component":"events.context","event_type":"partial","sink_count":1,"time":"2026-03-01T07:59:08-05:00","message":"PublishEventToContext: publishing to sinks"}
{"level":"debug","component":"web_forwarder","event_type":"*pinoweb.HypercardWidgetStartEvent","event_id":"00000000-0000-0000-0000-000000000000","session_id":"","inference_id":"","turn_id":"","time":"2026-03-01T07:59:08-05:00","message":"received event (SEM)"}
{"level":"trace","topic":"chat:conv-progress-1","event_type":"hypercard.widget.start","time":"2026-03-01T07:59:08-05:00","message":"Published event to watermill"}
{"level":"debug","component":"web_forwarder","event_type":"*pinoweb.HypercardWidgetReadyEvent","event_id":"00000000-0000-0000-0000-000000000000","session_id":"","inference_id":"","turn_id":"","time":"2026-03-01T07:59:08-05:00","message":"received event (SEM)"}
{"level":"trace","topic":"chat:conv-progress-1","event_type":"hypercard.widget.v1","time":"2026-03-01T07:59:08-05:00","message":"Published event to watermill"}
{"level":"trace","component":"events.context","event_type":"final","sink_count":1,"time":"2026-03-01T07:59:08-05:00","message":"PublishEventToContext: publishing to sinks"}
{"level":"debug","component":"webchat","remote":"127.0.0.1:51556","conv_id":"conv-progress-1","runtime_key":"inventory","error":"websocket: close 1006 (abnormal closure): unexpected EOF","time":"2026-03-01T07:59:08-05:00","message":"ws read loop end"}
{"level":"info","component":"webchat","remote":"127.0.0.1:51556","conv_id":"conv-progress-1","runtime_key":"inventory","time":"2026-03-01T07:59:08-05:00","message":"ws disconnected"}
--- PASS: TestWSHandler_EmitsHypercardLifecycleEvents (0.00s)
{"level":"warn","error":"set tcp 127.0.0.1:35903: use of closed network connection","component":"webchat","conv_id":"conv-progress-1","time":"2026-03-01T07:59:08-05:00","message":"ws write failed, dropping connection"}
{"level":"debug","component":"web_forwarder","event_type":"*events.EventFinal","event_id":"00c8055b-b69b-49e0-a783-88979c1d06ae","session_id":"","inference_id":"","turn_id":"","time":"2026-03-01T07:59:08-05:00","message":"received event (SEM)"}
=== RUN   TestOSAppsEndpoint_ListsInventoryModuleCapabilities
{"level":"trace","topic":"chat:conv-progress-1","event_type":"final","time":"2026-03-01T07:59:08-05:00","message":"Published event to watermill"}
{"level":"info","component":"webchat","time":"2026-03-01T07:59:08-05:00","message":"mounted /static/ asset handler"}
{"level":"info","component":"webchat","time":"2026-03-01T07:59:08-05:00","message":"mounted /assets/ handler for built dist assets"}
{"level":"info","component":"webchat","conv_id":"conv-progress-1","session_id":"cd732aad-b7d1-4bfa-b91e-62cf15c95bac","inference_id":"88d6824a-434d-4794-af8d-8e2d32ea329c","time":"2026-03-01T07:59:08-05:00","message":"inference loop finished"}
{"level":"info","component":"webchat","time":"2026-03-01T07:59:08-05:00","message":"mounted /static/ asset handler"}
{"level":"info","component":"webchat","time":"2026-03-01T07:59:08-05:00","message":"mounted /assets/ handler for built dist assets"}
--- PASS: TestOSAppsEndpoint_ListsInventoryModuleCapabilities (0.00s)
=== RUN   TestOSAppsEndpoint_ListsGEPAModuleReflectionMetadata
{"level":"info","component":"webchat","time":"2026-03-01T07:59:08-05:00","message":"mounted /static/ asset handler"}
{"level":"info","component":"webchat","time":"2026-03-01T07:59:08-05:00","message":"mounted /assets/ handler for built dist assets"}
{"level":"info","component":"webchat","time":"2026-03-01T07:59:08-05:00","message":"mounted /static/ asset handler"}
{"level":"info","component":"webchat","time":"2026-03-01T07:59:08-05:00","message":"mounted /assets/ handler for built dist assets"}
--- PASS: TestOSAppsEndpoint_ListsGEPAModuleReflectionMetadata (0.00s)
=== RUN   TestOSAppsEndpoint_ListsARCModuleReflectionMetadata
{"level":"info","component":"webchat","time":"2026-03-01T07:59:08-05:00","message":"mounted /static/ asset handler"}
{"level":"info","component":"webchat","time":"2026-03-01T07:59:08-05:00","message":"mounted /assets/ handler for built dist assets"}
{"level":"info","component":"webchat","time":"2026-03-01T07:59:08-05:00","message":"mounted /static/ asset handler"}
{"level":"info","component":"webchat","time":"2026-03-01T07:59:08-05:00","message":"mounted /assets/ handler for built dist assets"}
--- PASS: TestOSAppsEndpoint_ListsARCModuleReflectionMetadata (0.00s)
=== RUN   TestConfirmRoutes_CoexistWithChatAndTimelineRoutes
{"level":"info","component":"webchat","time":"2026-03-01T07:59:08-05:00","message":"mounted /static/ asset handler"}
{"level":"info","component":"webchat","time":"2026-03-01T07:59:08-05:00","message":"mounted /assets/ handler for built dist assets"}
{"level":"info","component":"webchat","time":"2026-03-01T07:59:08-05:00","message":"mounted /static/ asset handler"}
{"level":"info","component":"webchat","time":"2026-03-01T07:59:08-05:00","message":"mounted /assets/ handler for built dist assets"}
{"level":"info","component":"webchat","conv_id":"conv-confirm-coexist","time":"2026-03-01T07:59:08-05:00","message":"stream coordinator: started"}
{"level":"info","component":"webchat","conv_id":"conv-confirm-coexist","session_id":"a1447d7d-61a9-4310-9ab5-5248c49c244d","idempotency_key":"cab5b6b4-9750-4e4a-ad74-3ea6cbc5efcd","time":"2026-03-01T07:59:08-05:00","message":"starting inference loop"}
{"level":"debug","iteration":1,"time":"2026-03-01T07:59:08-05:00","message":"toolloop: engine inference step"}
{"level":"info","component":"webchat","conv_id":"conv-confirm-coexist","session_id":"a1447d7d-61a9-4310-9ab5-5248c49c244d","inference_id":"7c0e778e-8e02-46b6-ae80-ecb912f361aa","time":"2026-03-01T07:59:08-05:00","message":"inference loop finished"}
2026/03/01 07:59:08 [API] Created request "7c4e1bc8-ae3a-4967-a0a0-5a55270f727c" (confirm)
--- PASS: TestConfirmRoutes_CoexistWithChatAndTimelineRoutes (0.00s)
PASS
ok  	github.com/go-go-golems/wesen-os/cmd/wesen-os-launcher	0.030s

completed_at=2026-03-01T07:59:08-05:00
status=ok
